[main 56d3e72] Auto backup 2025-06-07 04:00:01
 1 file changed, 0 insertions(+), 0 deletions(-)
 create mode 100644 git_backup.log
To https://github.com/sbwell/backtest-dashboard.git
   65ca517..56d3e72  main -> main
[main e90ff07] Auto backup 2025-06-10 04:00:01
 2 files changed, 281 insertions(+), 26 deletions(-)
To https://github.com/sbwell/backtest-dashboard.git
   d43115c..e90ff07  main -> main
[main 2722477] Auto backup 2025-06-12 04:00:01
 1 file changed, 17 insertions(+), 5 deletions(-)
To https://github.com/sbwell/backtest-dashboard.git
   bbd6b32..2722477  main -> main
[main 73712e9] Auto backup 2025-06-13 04:00:01
 1 file changed, 4 insertions(+)
To https://github.com/sbwell/backtest-dashboard.git
   2722477..73712e9  main -> main
[main 13388db] Auto backup 2025-06-14 04:00:01
 3 files changed, 200 insertions(+)
 create mode 100644 enrich_ohlcv.py
 create mode 100644 import_csvs_to_sqlite.py
To https://github.com/sbwell/backtest-dashboard.git
   73712e9..13388db  main -> main
[main d931144] Auto backup 2025-06-15 04:00:01
 1 file changed, 6 insertions(+)
To https://github.com/sbwell/backtest-dashboard.git
   13388db..d931144  main -> main
[main d1e9047] Auto backup 2025-06-16 04:00:01
 1 file changed, 4 insertions(+)
To https://github.com/sbwell/backtest-dashboard.git
   d931144..d1e9047  main -> main
[main d9179ec] Auto backup 2025-06-17 04:00:02
 3 files changed, 28 insertions(+), 13 deletions(-)
 create mode 100644 ohlcv.db-journal
To https://github.com/sbwell/backtest-dashboard.git
   d1e9047..d9179ec  main -> main
[main 6352a0a] Auto backup 2025-06-18 04:00:01
 5 files changed, 274 insertions(+)
 create mode 100644 enrich_1m_tables.py
 create mode 100644 enrich_d1_tables.py
 create mode 100644 enrich_intraday_tables.py
 delete mode 100644 ohlcv.db-journal
To https://github.com/sbwell/backtest-dashboard.git
   d9179ec..6352a0a  main -> main
[main 636ce77] Auto backup 2025-06-19 04:00:01
 3 files changed, 44 insertions(+), 9 deletions(-)
To https://github.com/sbwell/backtest-dashboard.git
   6352a0a..636ce77  main -> main
[main 9dd982c] Auto backup 2025-06-22 04:00:01
 1 file changed, 175 insertions(+)
 create mode 100644 backfill_eodhd.py
To https://github.com/sbwell/backtest-dashboard.git
   b55fe61..9dd982c  main -> main
[main ba8bc11] Auto backup 2025-06-23 04:00:01
 2 files changed, 25 insertions(+)
To https://github.com/sbwell/backtest-dashboard.git
   9dd982c..ba8bc11  main -> main
[main 6e815bb] Auto backup 2025-06-24 04:00:01
 2 files changed, 4 insertions(+), 1 deletion(-)
To https://github.com/sbwell/backtest-dashboard.git
   ba8bc11..6e815bb  main -> main
[main 123ff36] Auto backup 2025-06-25 04:00:01
 3 files changed, 1609 insertions(+), 701 deletions(-)
 rewrite static/research/chart.js (71%)
To https://github.com/sbwell/backtest-dashboard.git
   6e815bb..123ff36  main -> main
[main 594ebbd] Auto backup 2025-06-26 04:00:01
 3 files changed, 444 insertions(+), 792 deletions(-)
To https://github.com/sbwell/backtest-dashboard.git
   123ff36..594ebbd  main -> main
[main 381501d] Auto backup 2025-06-27 04:00:01
 1 file changed, 4 insertions(+)
To https://github.com/sbwell/backtest-dashboard.git
   594ebbd..381501d  main -> main
[main f20f319] Auto backup 2025-06-28 04:00:01
 1 file changed, 4 insertions(+)
To https://github.com/sbwell/backtest-dashboard.git
   381501d..f20f319  main -> main
[main ba25a6d] Auto backup 2025-06-29 04:00:01
 1 file changed, 4 insertions(+)
To https://github.com/sbwell/backtest-dashboard.git
   f20f319..ba25a6d  main -> main
[main 44e7c6a] Auto backup 2025-06-30 04:00:01
 1 file changed, 4 insertions(+)
To https://github.com/sbwell/backtest-dashboard.git
   ba25a6d..44e7c6a  main -> main
[main d5327e7] Auto backup 2025-07-01 04:00:01
 1 file changed, 4 insertions(+)
To https://github.com/sbwell/backtest-dashboard.git
   44e7c6a..d5327e7  main -> main
[main f73b716] Auto backup 2025-07-02 04:00:01
 1 file changed, 4 insertions(+)
To https://github.com/sbwell/backtest-dashboard.git
   d5327e7..f73b716  main -> main
[main 10410e4] Auto backup 2025-07-03 04:00:01
 1 file changed, 4 insertions(+)
To https://github.com/sbwell/backtest-dashboard.git
   f73b716..10410e4  main -> main
[main 65c13aa] Auto backup 2025-07-04 04:00:01
 1 file changed, 4 insertions(+)
To https://github.com/sbwell/backtest-dashboard.git
   10410e4..65c13aa  main -> main
[main 9b3e678] Auto backup 2025-07-05 04:00:01
 1 file changed, 4 insertions(+)
To https://github.com/sbwell/backtest-dashboard.git
   65c13aa..9b3e678  main -> main
