2025-08-04 05:00:01 - === Starting EODHD Daily Update at 4 AM EST ===
2025-08-04 05:00:01 - Starting EODHD data update...
2025-08-04 05:00:01,895 - INFO - 🔄 Step 1: Updating M1 CSV files...
2025-08-04 05:00:01,895 - INFO - === Starting EODHD Daily Update ===
2025-08-04 05:00:01,895 - INFO - 
=== Updating AUDCAD ===
2025-08-04 05:00:01,907 - INFO - AUDCAD: Last CSV timestamp = 2025-07-31 01:53:00
2025-08-04 05:00:01,908 - INFO - Need to fetch data from 2025-07-31 01:54:00 to 2025-08-03 23:59:59.908362
2025-08-04 05:00:01,908 - INFO - Fetching AUDCAD data from 2025-07-31 01:54:00 to 2025-08-03 23:59:59.908362
2025-08-04 05:00:02,912 - INFO - Fetched 2754 records for AUDCAD
2025-08-04 05:00:02,957 - INFO - Converted to 2615 CSV lines after filtering
2025-08-04 05:00:07,125 - INFO - Successfully appended 2315 unique lines to AUDCAD_M1.csv (filtered 300 duplicates)
2025-08-04 05:00:07,506 - INFO - 
=== Updating AUDCHF ===
2025-08-04 05:00:07,508 - INFO - AUDCHF: Last CSV timestamp = 2025-07-31 01:53:00
2025-08-04 05:00:07,508 - INFO - Need to fetch data from 2025-07-31 01:54:00 to 2025-08-03 23:59:59.508302
2025-08-04 05:00:07,509 - INFO - Fetching AUDCHF data from 2025-07-31 01:54:00 to 2025-08-03 23:59:59.508302
2025-08-04 05:00:08,412 - INFO - Fetched 2832 records for AUDCHF
2025-08-04 05:00:08,448 - INFO - Converted to 2611 CSV lines after filtering
2025-08-04 05:00:11,848 - INFO - Successfully appended 2312 unique lines to AUDCHF_M1.csv (filtered 299 duplicates)
2025-08-04 05:00:12,220 - INFO - 
=== Updating AUDJPY ===
2025-08-04 05:00:12,222 - INFO - AUDJPY: Last CSV timestamp = 2025-07-31 01:53:00
2025-08-04 05:00:12,222 - INFO - Need to fetch data from 2025-07-31 01:54:00 to 2025-08-03 23:59:59.222667
2025-08-04 05:00:12,222 - INFO - Fetching AUDJPY data from 2025-07-31 01:54:00 to 2025-08-03 23:59:59.222667
2025-08-04 05:00:13,012 - INFO - Fetched 2732 records for AUDJPY
2025-08-04 05:00:13,048 - INFO - Converted to 2602 CSV lines after filtering
2025-08-04 05:00:16,290 - INFO - Successfully appended 2303 unique lines to AUDJPY_M1.csv (filtered 299 duplicates)
2025-08-04 05:00:16,593 - INFO - 
=== Updating AUDNZD ===
2025-08-04 05:00:16,595 - INFO - AUDNZD: Last CSV timestamp = 2025-07-31 01:53:00
2025-08-04 05:00:16,595 - INFO - Need to fetch data from 2025-07-31 01:54:00 to 2025-08-03 23:59:59.595245
2025-08-04 05:00:16,595 - INFO - Fetching AUDNZD data from 2025-07-31 01:54:00 to 2025-08-03 23:59:59.595245
2025-08-04 05:00:17,751 - INFO - Fetched 2831 records for AUDNZD
2025-08-04 05:00:17,782 - INFO - Converted to 2610 CSV lines after filtering
2025-08-04 05:00:20,946 - INFO - Successfully appended 2311 unique lines to AUDNZD_M1.csv (filtered 299 duplicates)
2025-08-04 05:00:21,360 - INFO - 
=== Updating AUDUSD ===
2025-08-04 05:00:21,361 - INFO - AUDUSD: Last CSV timestamp = 2025-07-31 01:53:00
2025-08-04 05:00:21,362 - INFO - Need to fetch data from 2025-07-31 01:54:00 to 2025-08-03 23:59:59.362060
2025-08-04 05:00:21,362 - INFO - Fetching AUDUSD data from 2025-07-31 01:54:00 to 2025-08-03 23:59:59.362060
2025-08-04 05:00:22,173 - INFO - Fetched 2734 records for AUDUSD
2025-08-04 05:00:22,212 - INFO - Converted to 2613 CSV lines after filtering
2025-08-04 05:00:25,610 - INFO - Successfully appended 2314 unique lines to AUDUSD_M1.csv (filtered 299 duplicates)
2025-08-04 05:00:26,019 - INFO - 
=== Updating CADCHF ===
2025-08-04 05:00:26,020 - INFO - CADCHF: Last CSV timestamp = 2025-07-31 01:55:00
2025-08-04 05:00:26,020 - INFO - Need to fetch data from 2025-07-31 01:56:00 to 2025-08-03 23:59:59.020777
2025-08-04 05:00:26,020 - INFO - Fetching CADCHF data from 2025-07-31 01:56:00 to 2025-08-03 23:59:59.020777
2025-08-04 05:00:27,312 - INFO - Fetched 2834 records for CADCHF
2025-08-04 05:00:27,348 - INFO - Converted to 2611 CSV lines after filtering
2025-08-04 05:00:30,426 - INFO - Successfully appended 2311 unique lines to CADCHF_M1.csv (filtered 300 duplicates)
2025-08-04 05:00:30,900 - INFO - 
=== Updating CADJPY ===
2025-08-04 05:00:30,902 - INFO - CADJPY: Last CSV timestamp = 2025-07-31 01:53:00
2025-08-04 05:00:30,902 - INFO - Need to fetch data from 2025-07-31 01:54:00 to 2025-08-03 23:59:59.902266
2025-08-04 05:00:30,902 - INFO - Fetching CADJPY data from 2025-07-31 01:54:00 to 2025-08-03 23:59:59.902266
2025-08-04 05:00:31,878 - INFO - Fetched 2836 records for CADJPY
2025-08-04 05:00:31,917 - INFO - Converted to 2615 CSV lines after filtering
2025-08-04 05:00:35,117 - INFO - Successfully appended 2317 unique lines to CADJPY_M1.csv (filtered 298 duplicates)
2025-08-04 05:00:35,590 - INFO - 
=== Updating CHFJPY ===
2025-08-04 05:00:35,592 - INFO - CHFJPY: Last CSV timestamp = 2025-07-31 01:52:00
2025-08-04 05:00:35,592 - INFO - Need to fetch data from 2025-07-31 01:53:00 to 2025-08-03 23:59:59.592512
2025-08-04 05:00:35,592 - INFO - Fetching CHFJPY data from 2025-07-31 01:53:00 to 2025-08-03 23:59:59.592512
2025-08-04 05:00:36,422 - INFO - Fetched 2834 records for CHFJPY
2025-08-04 05:00:36,457 - INFO - Converted to 2612 CSV lines after filtering
2025-08-04 05:00:39,746 - INFO - Successfully appended 2313 unique lines to CHFJPY_M1.csv (filtered 299 duplicates)
2025-08-04 05:00:40,166 - INFO - 
=== Updating EURAUD ===
2025-08-04 05:00:40,167 - INFO - EURAUD: Last CSV timestamp = 2025-07-31 01:51:00
2025-08-04 05:00:40,167 - INFO - Need to fetch data from 2025-07-31 01:52:00 to 2025-08-03 23:59:59.167745
2025-08-04 05:00:40,167 - INFO - Fetching EURAUD data from 2025-07-31 01:52:00 to 2025-08-03 23:59:59.167745
2025-08-04 05:00:40,971 - INFO - Fetched 2735 records for EURAUD
2025-08-04 05:00:41,009 - INFO - Converted to 2603 CSV lines after filtering
2025-08-04 05:00:44,330 - INFO - Successfully appended 2304 unique lines to EURAUD_M1.csv (filtered 299 duplicates)
2025-08-04 05:00:44,815 - INFO - 
=== Updating EURCAD ===
2025-08-04 05:00:44,816 - INFO - EURCAD: Last CSV timestamp = 2025-07-31 01:52:00
2025-08-04 05:00:44,817 - INFO - Need to fetch data from 2025-07-31 01:53:00 to 2025-08-03 23:59:59.817149
2025-08-04 05:00:44,817 - INFO - Fetching EURCAD data from 2025-07-31 01:53:00 to 2025-08-03 23:59:59.817149
2025-08-04 05:00:45,560 - INFO - Fetched 2752 records for EURCAD
2025-08-04 05:00:45,599 - INFO - Converted to 2619 CSV lines after filtering
2025-08-04 05:00:49,045 - INFO - Successfully appended 2319 unique lines to EURCAD_M1.csv (filtered 300 duplicates)
2025-08-04 05:00:49,531 - INFO - 
=== Updating EURCHF ===
2025-08-04 05:00:49,532 - INFO - EURCHF: Last CSV timestamp = 2025-07-31 01:52:00
2025-08-04 05:00:49,532 - INFO - Need to fetch data from 2025-07-31 01:53:00 to 2025-08-03 23:59:59.532580
2025-08-04 05:00:49,532 - INFO - Fetching EURCHF data from 2025-07-31 01:53:00 to 2025-08-03 23:59:59.532580
2025-08-04 05:00:50,291 - INFO - Fetched 2711 records for EURCHF
2025-08-04 05:00:50,343 - INFO - Converted to 2579 CSV lines after filtering
2025-08-04 05:00:53,856 - INFO - Successfully appended 2279 unique lines to EURCHF_M1.csv (filtered 300 duplicates)
2025-08-04 05:00:54,267 - INFO - 
=== Updating EURGBP ===
2025-08-04 05:00:54,268 - INFO - EURGBP: Last CSV timestamp = 2025-07-31 01:51:00
2025-08-04 05:00:54,268 - INFO - Need to fetch data from 2025-07-31 01:52:00 to 2025-08-03 23:59:59.268586
2025-08-04 05:00:54,268 - INFO - Fetching EURGBP data from 2025-07-31 01:52:00 to 2025-08-03 23:59:59.268586
2025-08-04 05:00:55,027 - INFO - Fetched 2653 records for EURGBP
2025-08-04 05:00:55,060 - INFO - Converted to 2618 CSV lines after filtering
2025-08-04 05:00:58,698 - INFO - Successfully appended 2318 unique lines to EURGBP_M1.csv (filtered 300 duplicates)
2025-08-04 05:00:59,063 - INFO - 
=== Updating EURJPY ===
2025-08-04 05:00:59,064 - INFO - EURJPY: Last CSV timestamp = 2025-07-31 01:51:00
2025-08-04 05:00:59,064 - INFO - Need to fetch data from 2025-07-31 01:52:00 to 2025-08-03 23:59:59.064664
2025-08-04 05:00:59,064 - INFO - Fetching EURJPY data from 2025-07-31 01:52:00 to 2025-08-03 23:59:59.064664
2025-08-04 05:00:59,907 - INFO - Fetched 2818 records for EURJPY
2025-08-04 05:00:59,940 - INFO - Converted to 2597 CSV lines after filtering
2025-08-04 05:01:03,332 - INFO - Successfully appended 2300 unique lines to EURJPY_M1.csv (filtered 297 duplicates)
2025-08-04 05:01:03,708 - INFO - 
=== Updating EURNZD ===
2025-08-04 05:01:03,720 - INFO - EURNZD: Last CSV timestamp = 2025-07-31 01:51:00
2025-08-04 05:01:03,720 - INFO - Need to fetch data from 2025-07-31 01:52:00 to 2025-08-03 23:59:59.720307
2025-08-04 05:01:03,720 - INFO - Fetching EURNZD data from 2025-07-31 01:52:00 to 2025-08-03 23:59:59.720307
2025-08-04 05:01:04,517 - INFO - Fetched 2838 records for EURNZD
2025-08-04 05:01:04,557 - INFO - Converted to 2617 CSV lines after filtering
2025-08-04 05:01:07,878 - INFO - Successfully appended 2317 unique lines to EURNZD_M1.csv (filtered 300 duplicates)
2025-08-04 05:01:08,347 - INFO - 
=== Updating EURUSD ===
2025-08-04 05:01:08,349 - INFO - EURUSD: Last CSV timestamp = 2025-07-31 01:51:00
2025-08-04 05:01:08,349 - INFO - Need to fetch data from 2025-07-31 01:52:00 to 2025-08-03 23:59:59.349721
2025-08-04 05:01:08,350 - INFO - Fetching EURUSD data from 2025-07-31 01:52:00 to 2025-08-03 23:59:59.349721
2025-08-04 05:01:09,109 - INFO - Fetched 3132 records for EURUSD
2025-08-04 05:01:09,149 - INFO - Converted to 2607 CSV lines after filtering
2025-08-04 05:01:12,570 - INFO - Successfully appended 2307 unique lines to EURUSD_M1.csv (filtered 300 duplicates)
2025-08-04 05:01:13,021 - INFO - 
=== Updating GBPAUD ===
2025-08-04 05:01:13,023 - INFO - GBPAUD: Last CSV timestamp = 2025-07-31 01:52:00
2025-08-04 05:01:13,023 - INFO - Need to fetch data from 2025-07-31 01:53:00 to 2025-08-03 23:59:59.023702
2025-08-04 05:01:13,023 - INFO - Fetching GBPAUD data from 2025-07-31 01:53:00 to 2025-08-03 23:59:59.023702
2025-08-04 05:01:13,904 - INFO - Fetched 2838 records for GBPAUD
2025-08-04 05:01:13,938 - INFO - Converted to 2614 CSV lines after filtering
2025-08-04 05:01:17,912 - INFO - Successfully appended 2315 unique lines to GBPAUD_M1.csv (filtered 299 duplicates)
2025-08-04 05:01:18,447 - INFO - 
=== Updating GBPCAD ===
2025-08-04 05:01:18,448 - INFO - GBPCAD: Last CSV timestamp = 2025-07-31 01:53:00
2025-08-04 05:01:18,448 - INFO - Need to fetch data from 2025-07-31 01:54:00 to 2025-08-03 23:59:59.448450
2025-08-04 05:01:18,448 - INFO - Fetching GBPCAD data from 2025-07-31 01:54:00 to 2025-08-03 23:59:59.448450
2025-08-04 05:01:19,207 - INFO - Fetched 2840 records for GBPCAD
2025-08-04 05:01:19,253 - INFO - Converted to 2616 CSV lines after filtering
2025-08-04 05:01:23,087 - INFO - Successfully appended 2316 unique lines to GBPCAD_M1.csv (filtered 300 duplicates)
2025-08-04 05:01:23,597 - INFO - 
=== Updating GBPCHF ===
2025-08-04 05:01:23,599 - INFO - GBPCHF: Last CSV timestamp = 2025-07-31 01:52:00
2025-08-04 05:01:23,599 - INFO - Need to fetch data from 2025-07-31 01:53:00 to 2025-08-03 23:59:59.599697
2025-08-04 05:01:23,599 - INFO - Fetching GBPCHF data from 2025-07-31 01:53:00 to 2025-08-03 23:59:59.599697
2025-08-04 05:01:24,490 - INFO - Fetched 2839 records for GBPCHF
2025-08-04 05:01:24,529 - INFO - Converted to 2615 CSV lines after filtering
2025-08-04 05:01:27,868 - INFO - Successfully appended 2315 unique lines to GBPCHF_M1.csv (filtered 300 duplicates)
2025-08-04 05:01:28,285 - INFO - 
=== Updating GBPJPY ===
2025-08-04 05:01:28,286 - INFO - GBPJPY: Last CSV timestamp = 2025-07-31 01:52:00
2025-08-04 05:01:28,286 - INFO - Need to fetch data from 2025-07-31 01:53:00 to 2025-08-03 23:59:59.286495
2025-08-04 05:01:28,286 - INFO - Fetching GBPJPY data from 2025-07-31 01:53:00 to 2025-08-03 23:59:59.286495
2025-08-04 05:01:29,153 - INFO - Fetched 2750 records for GBPJPY
2025-08-04 05:01:29,192 - INFO - Converted to 2617 CSV lines after filtering
2025-08-04 05:01:33,054 - INFO - Successfully appended 2318 unique lines to GBPJPY_M1.csv (filtered 299 duplicates)
2025-08-04 05:01:33,562 - INFO - 
=== Updating GBPNZD ===
2025-08-04 05:01:33,564 - INFO - GBPNZD: Last CSV timestamp = 2025-07-31 01:52:00
2025-08-04 05:01:33,564 - INFO - Need to fetch data from 2025-07-31 01:53:00 to 2025-08-03 23:59:59.564705
2025-08-04 05:01:33,564 - INFO - Fetching GBPNZD data from 2025-07-31 01:53:00 to 2025-08-03 23:59:59.564705
2025-08-04 05:01:34,363 - INFO - Fetched 2749 records for GBPNZD
2025-08-04 05:01:34,397 - INFO - Converted to 2603 CSV lines after filtering
2025-08-04 05:01:37,593 - INFO - Successfully appended 2303 unique lines to GBPNZD_M1.csv (filtered 300 duplicates)
2025-08-04 05:01:37,968 - INFO - 
=== Updating GBPUSD ===
2025-08-04 05:01:37,969 - INFO - GBPUSD: Last CSV timestamp = 2025-07-31 01:53:00
2025-08-04 05:01:37,969 - INFO - Need to fetch data from 2025-07-31 01:54:00 to 2025-08-03 23:59:59.969877
2025-08-04 05:01:37,970 - INFO - Fetching GBPUSD data from 2025-07-31 01:54:00 to 2025-08-03 23:59:59.969877
2025-08-04 05:01:38,790 - INFO - Fetched 2743 records for GBPUSD
2025-08-04 05:01:38,828 - INFO - Converted to 2609 CSV lines after filtering
2025-08-04 05:01:42,346 - INFO - Successfully appended 2317 unique lines to GBPUSD_M1.csv (filtered 292 duplicates)
2025-08-04 05:01:42,877 - INFO - 
=== Updating NZDCAD ===
2025-08-04 05:01:42,877 - INFO - NZDCAD: Last CSV timestamp = 2025-07-31 02:06:00
2025-08-04 05:01:42,877 - INFO - Need to fetch data from 2025-07-31 02:07:00 to 2025-08-03 23:59:59.877917
2025-08-04 05:01:42,878 - INFO - Fetching NZDCAD data from 2025-07-31 02:07:00 to 2025-08-03 23:59:59.877917
2025-08-04 05:01:43,681 - INFO - Fetched 2677 records for NZDCAD
2025-08-04 05:01:43,720 - INFO - Converted to 2582 CSV lines after filtering
2025-08-04 05:01:47,182 - INFO - Successfully appended 2282 unique lines to NZDCAD_M1.csv (filtered 300 duplicates)
2025-08-04 05:01:47,647 - INFO - 
=== Updating NZDCHF ===
2025-08-04 05:01:47,649 - INFO - NZDCHF: Last CSV timestamp = 2025-07-31 02:06:00
2025-08-04 05:01:47,649 - INFO - Need to fetch data from 2025-07-31 02:07:00 to 2025-08-03 23:59:59.649406
2025-08-04 05:01:47,649 - INFO - Fetching NZDCHF data from 2025-07-31 02:07:00 to 2025-08-03 23:59:59.649406
2025-08-04 05:01:48,593 - INFO - Fetched 2787 records for NZDCHF
2025-08-04 05:01:48,630 - INFO - Converted to 2604 CSV lines after filtering
2025-08-04 05:01:51,889 - INFO - Successfully appended 2304 unique lines to NZDCHF_M1.csv (filtered 300 duplicates)
2025-08-04 05:01:52,356 - INFO - 
=== Updating NZDJPY ===
2025-08-04 05:01:52,356 - INFO - NZDJPY: Last CSV timestamp = 2025-07-31 02:07:00
2025-08-04 05:01:52,357 - INFO - Need to fetch data from 2025-07-31 02:08:00 to 2025-08-03 23:59:59.357169
2025-08-04 05:01:52,357 - INFO - Fetching NZDJPY data from 2025-07-31 02:08:00 to 2025-08-03 23:59:59.357169
2025-08-04 05:01:53,128 - INFO - Fetched 2784 records for NZDJPY
2025-08-04 05:01:53,165 - INFO - Converted to 2603 CSV lines after filtering
2025-08-04 05:01:56,806 - INFO - Successfully appended 2303 unique lines to NZDJPY_M1.csv (filtered 300 duplicates)
2025-08-04 05:01:57,334 - INFO - 
=== Updating NZDUSD ===
2025-08-04 05:01:57,336 - INFO - NZDUSD: Last CSV timestamp = 2025-07-31 02:17:00
2025-08-04 05:01:57,336 - INFO - Need to fetch data from 2025-07-31 02:18:00 to 2025-08-03 23:59:59.336468
2025-08-04 05:01:57,336 - INFO - Fetching NZDUSD data from 2025-07-31 02:18:00 to 2025-08-03 23:59:59.336468
2025-08-04 05:01:58,092 - INFO - Fetched 2764 records for NZDUSD
2025-08-04 05:01:58,131 - INFO - Converted to 2579 CSV lines after filtering
2025-08-04 05:02:01,919 - INFO - Successfully appended 2279 unique lines to NZDUSD_M1.csv (filtered 300 duplicates)
2025-08-04 05:02:02,526 - INFO - 
=== Updating USDCAD ===
2025-08-04 05:02:02,527 - INFO - USDCAD: Last CSV timestamp = 2025-07-31 01:53:00
2025-08-04 05:02:02,527 - INFO - Need to fetch data from 2025-07-31 01:54:00 to 2025-08-03 23:59:59.527920
2025-08-04 05:02:02,528 - INFO - Fetching USDCAD data from 2025-07-31 01:54:00 to 2025-08-03 23:59:59.527920
2025-08-04 05:02:03,630 - INFO - Fetched 2778 records for USDCAD
2025-08-04 05:02:03,669 - INFO - Converted to 2616 CSV lines after filtering
2025-08-04 05:02:07,073 - INFO - Successfully appended 2317 unique lines to USDCAD_M1.csv (filtered 299 duplicates)
2025-08-04 05:02:07,533 - INFO - 
=== Updating USDCHF ===
2025-08-04 05:02:07,534 - INFO - USDCHF: Last CSV timestamp = 2025-07-31 01:53:00
2025-08-04 05:02:07,534 - INFO - Need to fetch data from 2025-07-31 01:54:00 to 2025-08-03 23:59:59.534366
2025-08-04 05:02:07,534 - INFO - Fetching USDCHF data from 2025-07-31 01:54:00 to 2025-08-03 23:59:59.534366
2025-08-04 05:02:08,436 - INFO - Fetched 2781 records for USDCHF
2025-08-04 05:02:08,473 - INFO - Converted to 2616 CSV lines after filtering
2025-08-04 05:02:11,905 - INFO - Successfully appended 2317 unique lines to USDCHF_M1.csv (filtered 299 duplicates)
2025-08-04 05:02:12,466 - INFO - 
=== Updating USDJPY ===
2025-08-04 05:02:12,467 - INFO - USDJPY: Last CSV timestamp = 2025-07-31 01:53:00
2025-08-04 05:02:12,468 - INFO - Need to fetch data from 2025-07-31 01:54:00 to 2025-08-03 23:59:59.468156
2025-08-04 05:02:12,468 - INFO - Fetching USDJPY data from 2025-07-31 01:54:00 to 2025-08-03 23:59:59.468156
2025-08-04 05:02:13,277 - INFO - Fetched 2681 records for USDJPY
2025-08-04 05:02:13,312 - INFO - Converted to 2615 CSV lines after filtering
2025-08-04 05:02:16,913 - INFO - Successfully appended 2315 unique lines to USDJPY_M1.csv (filtered 300 duplicates)
2025-08-04 05:02:17,329 - INFO - 
=== UPDATE SUMMARY ===
2025-08-04 05:02:17,329 - INFO - Successfully updated: 28/28 currency pairs
2025-08-04 05:02:17,329 - INFO - API calls made: 28
2025-08-04 05:02:17,329 - INFO - ✅ AUDCAD
2025-08-04 05:02:17,329 - INFO - ✅ AUDCHF
2025-08-04 05:02:17,330 - INFO - ✅ AUDJPY
2025-08-04 05:02:17,330 - INFO - ✅ AUDNZD
2025-08-04 05:02:17,330 - INFO - ✅ AUDUSD
2025-08-04 05:02:17,330 - INFO - ✅ CADCHF
2025-08-04 05:02:17,330 - INFO - ✅ CADJPY
2025-08-04 05:02:17,330 - INFO - ✅ CHFJPY
2025-08-04 05:02:17,330 - INFO - ✅ EURAUD
2025-08-04 05:02:17,330 - INFO - ✅ EURCAD
2025-08-04 05:02:17,330 - INFO - ✅ EURCHF
2025-08-04 05:02:17,330 - INFO - ✅ EURGBP
2025-08-04 05:02:17,330 - INFO - ✅ EURJPY
2025-08-04 05:02:17,331 - INFO - ✅ EURNZD
2025-08-04 05:02:17,331 - INFO - ✅ EURUSD
2025-08-04 05:02:17,331 - INFO - ✅ GBPAUD
2025-08-04 05:02:17,331 - INFO - ✅ GBPCAD
2025-08-04 05:02:17,331 - INFO - ✅ GBPCHF
2025-08-04 05:02:17,331 - INFO - ✅ GBPJPY
2025-08-04 05:02:17,331 - INFO - ✅ GBPNZD
2025-08-04 05:02:17,331 - INFO - ✅ GBPUSD
2025-08-04 05:02:17,331 - INFO - ✅ NZDCAD
2025-08-04 05:02:17,331 - INFO - ✅ NZDCHF
2025-08-04 05:02:17,332 - INFO - ✅ NZDJPY
2025-08-04 05:02:17,332 - INFO - ✅ NZDUSD
2025-08-04 05:02:17,332 - INFO - ✅ USDCAD
2025-08-04 05:02:17,332 - INFO - ✅ USDCHF
2025-08-04 05:02:17,332 - INFO - ✅ USDJPY
2025-08-04 05:02:17,332 - INFO - 🔄 Step 2: Incremental resampling to other timeframes...
2025-08-04 05:02:17,332 - INFO - Running full resampling script...
2025-08-04 05:17:23,229 - INFO - Full resampling completed successfully
2025-08-04 05:17:23,231 - INFO - 🔄 Step 3: Importing to database...
2025-08-04 05:17:23,231 - INFO - Running CSV to database import...
2025-08-04 05:45:25,901 - INFO - Database import completed successfully
2025-08-04 05:45:25,902 - INFO - 🔄 Step 4: Running enrichment...
2025-08-04 05:45:25,902 - INFO - Running incremental enrichment...
2025-08-04 05:46:29,634 - INFO - Enrichment completed successfully
2025-08-04 05:46:29,634 - INFO - ✅ Complete update finished successfully in 46.5 minutes
2025-08-04 05:46:29 - ✅ EODHD update completed successfully in 46 minutes
{"message": "The request body contains invalid JSON.", "code": 50109}2025-08-04 05:46:30 - 📊 Post-update statistics:
2025-08-04 05:46:30 -    CSV files: 28
2025-08-04 05:46:30 -    Database size: 14G
2025-08-04 05:46:30 -    Disk usage: 53%
2025-08-04 05:46:30 - === Daily EODHD update completed ===
